2022-10-24 09:44:12 INFO run.py:219 GNS3 server version 2.2.34
2022-10-24 09:44:12 INFO run.py:221 Copyright (c) 2007-2022 GNS3 Technologies Inc.
2022-10-24 09:44:12 INFO run.py:224 Config file /Users/thehiddengeek/.config/GNS3/2.2/gns3_server.conf loaded
2022-10-24 09:44:12 WARNING run.py:230 Local mode is enabled. Beware, clients will have full control on your filesystem
2022-10-24 09:44:12 INFO run.py:237 HTTP authentication is enabled with username 'admin'
2022-10-24 09:44:12 INFO run.py:243 Running with Python 3.8.5 and has PID 65606
2022-10-24 09:44:13 WARNING __init__.py:366 Config disk: image 'config.img' missing
2022-10-24 09:44:13 INFO web_server.py:318 Starting server on localhost:3080
2022-10-24 09:44:13 INFO __init__.py:63 Load controller configuration file /Users/thehiddengeek/.config/GNS3/2.2/gns3_controller.conf
2022-10-24 09:44:13 INFO __init__.py:67 Controller is starting
2022-10-24 09:44:14 INFO compute.py:64 Create compute local
2022-10-24 09:44:14 INFO compute.py:364 Connecting to compute 'local'
2022-10-24 09:44:14 INFO web_log.py:206 ::1 [24/Oct/2022:07:44:14 +0000] "GET /v2/compute/capabilities HTTP/1.1" 200 520 "-" "Python/3.8 aiohttp/3.8.1"
2022-10-24 09:44:14 INFO notification_handler.py:50 New client has connected to compute WebSocket
2022-10-24 09:44:14 INFO compute.py:431 Connected to compute 'local' WebSocket 'http://localhost:3080/v2/compute/notifications/ws'
2022-10-24 09:44:14 INFO web_log.py:206 ::1 [24/Oct/2022:07:44:14 +0000] "GET /v2/version HTTP/1.1" 200 227 "-" "GNS3 QT Client v2.2.34"
2022-10-24 09:44:14 INFO web_log.py:206 ::1 [24/Oct/2022:07:44:14 +0000] "GET /v2/version HTTP/1.1" 200 227 "-" "GNS3 QT Client v2.2.34"
2022-10-24 09:44:14 INFO notification_handler.py:73 New client has connected to controller WebSocket
2022-10-24 09:44:14 INFO web_log.py:206 ::1 [24/Oct/2022:07:44:14 +0000] "GET /v2/version HTTP/1.1" 200 227 "-" "GNS3 QT Client v2.2.34"
2022-10-24 09:44:15 INFO notification_handler.py:82 Client has disconnected from controller WebSocket
2022-10-24 09:44:15 INFO web_log.py:206 ::1 [24/Oct/2022:07:44:15 +0000] "GET /v2/version HTTP/1.1" 200 227 "-" "GNS3 QT Client v2.2.34"
2022-10-24 09:44:15 INFO notification_handler.py:73 New client has connected to controller WebSocket
2022-10-24 09:44:15 INFO web_log.py:206 ::1 [24/Oct/2022:07:44:15 +0000] "GET /v2/templates HTTP/1.1" 200 2501 "-" "GNS3 QT Client v2.2.34"
2022-10-24 09:44:15 INFO web_log.py:206 ::1 [24/Oct/2022:07:44:15 +0000] "GET /v2/computes HTTP/1.1" 200 982 "-" "GNS3 QT Client v2.2.34"
2022-10-24 09:44:15 INFO web_log.py:206 ::1 [24/Oct/2022:07:44:15 +0000] "GET /v2/projects HTTP/1.1" 200 183 "-" "GNS3 QT Client v2.2.34"
2022-10-24 09:44:15 INFO web_log.py:206 ::1 [24/Oct/2022:07:44:15 +0000] "GET /v2/templates HTTP/1.1" 200 2501 "-" "GNS3 QT Client v2.2.34"
2022-10-24 09:44:15 INFO web_log.py:206 ::1 [24/Oct/2022:07:44:15 +0000] "GET /v2/computes HTTP/1.1" 200 982 "-" "GNS3 QT Client v2.2.34"
2022-10-24 09:44:15 INFO web_log.py:206 ::1 [24/Oct/2022:07:44:15 +0000] "GET /v2/projects HTTP/1.1" 200 183 "-" "GNS3 QT Client v2.2.34"
2022-10-24 09:44:15 INFO web_log.py:206 ::1 [24/Oct/2022:07:44:15 +0000] "GET /v2/gns3vm HTTP/1.1" 200 377 "-" "GNS3 QT Client v2.2.34"
2022-10-24 09:44:36 INFO config.py:231 Load configuration file /Users/thehiddengeek/.config/GNS3/2.2/gns3_server.conf
2022-10-24 09:44:47 WARNING web_server.py:170 Server has got signal SIGINT, exiting...
2022-10-24 09:44:47 INFO web_server.py:113 Closing 2 websocket connections...
2022-10-24 09:44:47 INFO compute.py:457 Connection closed to compute 'local' WebSocket 'http://localhost:3080/v2/compute/notifications/ws'
2022-10-24 09:44:47 INFO notification_handler.py:82 Client has disconnected from controller WebSocket
2022-10-24 09:44:47 INFO web_log.py:206 ::1 [24/Oct/2022:07:44:15 +0000] "GET /v2/notifications/ws HTTP/1.1" 200 437 "-" "-"
2022-10-24 09:44:47 INFO notification_handler.py:59 Client has disconnected from compute WebSocket
2022-10-24 09:44:47 INFO __init__.py:138 Controller is stopping
2022-10-24 09:44:47 INFO run.py:272 Remove PID file /Users/thehiddengeek/.config/GNS3/2.2/gns3_server.pid
